2017/09/17 14:58:59 Running testspecIMSSBG.properties
2017/09/17 14:59:07 report name :SBG, CBA (Description)
2017/09/17 14:59:14 report name :SBG, Overview (Description)
2017/09/17 14:59:14 Test execution started for "SBG, CBA (Description)" using test spec testspecIMSSBG.properties
2017/09/17 14:59:14 error :Test execution error for "SBG, CBA (Description)" using test spec testspecIMSSBG.properties
2017/09/17 14:59:14 error <error>
    <error_code>WSR 00102</error_code>
    <message>Illegal argument ("The following database error occurred: [Microsoft][ODBC Driver Manager] Data source name not found and no default driver specified. For information about this error, please refer to SAP Knowledge Base Article 2054721 on the SAP Support Portal. (IES 10901)")</message>
</error>

2017/09/17 14:59:14 Test execution completed for "SBG, CBA (Description)" using test spec testspecIMSSBG.properties
2017/09/17 14:59:20 report name :SBG, Overview (Raw Data)
2017/09/17 14:59:20 Test execution started for "SBG, Overview (Description)" using test spec testspecIMSSBG.properties
2017/09/17 14:59:21 testspecIMSSBG.properties,SBG, Overview (Description),0,1035, 0
2017/09/17 14:59:36 prompt name Select raw data time resolution:
2017/09/17 14:59:36 prompt value [Raw data]
2017/09/17 14:59:36 prompt name Enter value(s) for NE Name:
2017/09/17 14:59:36 prompt value [ISMGW01, sbg_03, sbg_04, sbg_01, sbg_02, sbg_01, sbg_05, ISMGW01, sbg_02, ISSBG01]
2017/09/17 14:59:36 prompt name First Date:
2017/09/17 14:59:36 prompt value [2017-08-10]
2017/09/17 14:59:36 prompt name Last Date:
2017/09/17 14:59:36 prompt value [2017-09-17]
2017/09/17 14:59:36 report name :SBG, CBA (Day)
2017/09/17 14:59:36 Test execution started for "SBG, Overview (Raw Data)" using test spec testspecIMSSBG.properties
2017/09/17 14:59:44 prompt name First Date:
2017/09/17 14:59:44 prompt value [2017-08-10]
2017/09/17 14:59:44 prompt name Last Date:
2017/09/17 14:59:44 prompt value [2017-09-17]
2017/09/17 14:59:44 prompt name Enter values for NE Name:
2017/09/17 14:59:44 prompt value [ISMGW01, sbg_03, ISSBG02, ISSBG01, ISSBG01, sbg_01, sbg_04, ISSBG02, ISMGW02, sbg_01]
2017/09/17 14:59:44 report name :SBG, CBA (Raw Data)
2017/09/17 14:59:44 Test execution started for "SBG, CBA (Day)" using test spec testspecIMSSBG.properties
2017/09/17 14:59:51 prompt name Select raw data time resolution:
2017/09/17 14:59:51 prompt value [Raw data]
2017/09/17 14:59:51 prompt name First Date:
2017/09/17 14:59:51 prompt value [2017-08-10]
2017/09/17 14:59:51 prompt name Last Date:
2017/09/17 14:59:51 prompt value [2017-09-17]
2017/09/17 14:59:51 prompt name Enter values for NE Name:
2017/09/17 14:59:51 prompt value [sbg_01, sbg_02, sbg_02, sbg_03, sbg_01, ISSBG02, sbg_04, sbg_04, ISMGW01, sbg_04]
2017/09/17 14:59:51 report name :SBG, Overview (Day)
2017/09/17 14:59:52 testspecIMSSBG.properties,SBG, CBA (Day),3,0, 0
2017/09/17 14:59:59 testspecIMSSBG.properties,SBG, CBA (Raw Data),5,0, 0
2017/09/17 14:59:59 Running testspecIMSSBG.properties
2017/09/17 15:00:07 report name :SBG, CBA (Description)
2017/09/17 15:00:08 prompt name Enter value(s) for NE Name:
2017/09/17 15:00:08 prompt value [ISMGW02, ISSBG02, sbg_03, sbg_02, sbg_02, ISMGW01, sbg_05, sbg_03, ISMGW01, sbg_05]
2017/09/17 15:00:08 prompt name First Date:
2017/09/17 15:00:08 prompt value [2017-08-10]
2017/09/17 15:00:08 prompt name Last Date:
2017/09/17 15:00:08 prompt value [2017-09-17]
2017/09/17 15:00:08 Test execution started for "SBG, Overview (Day)" using test spec testspecIMSSBG.properties
2017/09/17 15:00:14 report name :SBG, Overview (Description)
2017/09/17 15:00:14 Test execution started for "SBG, CBA (Description)" using test spec testspecIMSSBG.properties
2017/09/17 15:00:14 error :Test execution error for "SBG, CBA (Description)" using test spec testspecIMSSBG.properties
2017/09/17 15:00:14 error <error>
    <error_code>WSR 00102</error_code>
    <message>Illegal argument ("The following database error occurred: [Microsoft][ODBC Driver Manager] Data source name not found and no default driver specified. For information about this error, please refer to SAP Knowledge Base Article 2054721 on the SAP Support Portal. (IES 10901)")</message>
</error>

2017/09/17 15:00:14 Test execution completed for "SBG, CBA (Description)" using test spec testspecIMSSBG.properties
2017/09/17 15:00:20 Test execution started for "SBG, Overview (Description)" using test spec testspecIMSSBG.properties
2017/09/17 15:00:20 report name :SBG, Overview (Raw Data)
2017/09/17 15:00:22 testspecIMSSBG.properties,SBG, Overview (Description),0,1035, 0
2017/09/17 15:00:36 prompt name Select raw data time resolution:
2017/09/17 15:00:36 prompt value [Raw data]
2017/09/17 15:00:36 prompt name Enter value(s) for NE Name:
2017/09/17 15:00:36 prompt value [sbg_03, sbg_03, ISMGW02, ISSBG02, sbg_03, sbg_05, ISSBG02, ISMGW02, sbg_03, sbg_04]
2017/09/17 15:00:36 prompt name First Date:
2017/09/17 15:00:36 prompt value [2017-08-10]
2017/09/17 15:00:36 prompt name Last Date:
2017/09/17 15:00:36 prompt value [2017-09-17]
2017/09/17 15:00:36 report name :SBG, CBA (Day)
2017/09/17 15:00:36 Test execution started for "SBG, Overview (Raw Data)" using test spec testspecIMSSBG.properties
2017/09/17 15:00:43 prompt name First Date:
2017/09/17 15:00:43 prompt value [2017-08-10]
2017/09/17 15:00:43 prompt name Last Date:
2017/09/17 15:00:43 prompt value [2017-09-17]
2017/09/17 15:00:43 prompt name Enter values for NE Name:
2017/09/17 15:00:43 prompt value [sbg_02, ISSBG02, ISMGW02, ISSBG02, ISMGW01, sbg_03, sbg_01, ISSBG02, sbg_05, sbg_01]
2017/09/17 15:00:43 report name :SBG, CBA (Raw Data)
2017/09/17 15:00:43 Test execution started for "SBG, CBA (Day)" using test spec testspecIMSSBG.properties
2017/09/17 15:00:43 testspecIMSSBG.properties,SBG, Overview (Day),23,0, 90715
2017/09/17 15:00:45 testspecIMSSBG.properties,SBG, Overview (Raw Data),46,0, 3599650
2017/09/17 15:00:46 testspecIMSSBG.properties,SBG, CBA (Day),1,0, 0
2017/09/17 15:00:50 prompt name Select raw data time resolution:
2017/09/17 15:00:50 prompt value [Raw data]
2017/09/17 15:00:50 prompt name First Date:
2017/09/17 15:00:50 prompt value [2017-08-10]
2017/09/17 15:00:50 prompt name Last Date:
2017/09/17 15:00:50 prompt value [2017-09-17]
2017/09/17 15:00:50 prompt name Enter values for NE Name:
2017/09/17 15:00:50 prompt value [ISSBG01, ISMGW02, ISMGW02, sbg_02, sbg_01, ISSBG01, ISMGW02, ISSBG01, sbg_02, sbg_01]
2017/09/17 15:00:50 Test execution started for "SBG, CBA (Raw Data)" using test spec testspecIMSSBG.properties
2017/09/17 15:00:50 report name :SBG, Overview (Day)
2017/09/17 15:00:55 testspecIMSSBG.properties,SBG, CBA (Raw Data),1,0, 0
2017/09/17 15:01:05 prompt name Enter value(s) for NE Name:
2017/09/17 15:01:05 prompt value [sbg_01, sbg_03, sbg_05, sbg_02, sbg_01, ISMGW02, ISMGW01, sbg_03, sbg_04, ISSBG02]
2017/09/17 15:01:05 prompt name First Date:
2017/09/17 15:01:05 prompt value [2017-08-10]
2017/09/17 15:01:05 prompt name Last Date:
2017/09/17 15:01:05 prompt value [2017-09-17]
2017/09/17 15:01:05 Test execution started for "SBG, Overview (Day)" using test spec testspecIMSSBG.properties
2017/09/17 15:01:38 testspecIMSSBG.properties,SBG, Overview (Raw Data),37,0, 3599650
2017/09/17 15:01:39 testspecIMSSBG.properties,SBG, Overview (Day),26,0, 90715
2017/09/17 15:49:25 error :Test execution error for "SBG, Overview (Description)" using test spec testspecIMSSBG.properties
2017/09/17 15:49:25 error <error>
    <error_code>FWB 00003</error_code>
    <message>Not a valid logon token. (FWB 00003)</message>
</error>

2017/09/17 15:49:25 Test execution completed for "SBG, Overview (Description)" using test spec testspecIMSSBG.properties
2017/09/17 15:50:01 error :Test execution error for "SBG, CBA (Day)" using test spec testspecIMSSBG.properties
2017/09/17 15:50:01 error <error>
    <error_code>FWB 00003</error_code>
    <message>Not a valid logon token. (FWB 00003)</message>
</error>

2017/09/17 15:50:01 Test execution completed for "SBG, CBA (Day)" using test spec testspecIMSSBG.properties
2017/09/17 15:50:07 error :Test execution error for "SBG, CBA (Raw Data)" using test spec testspecIMSSBG.properties
2017/09/17 15:50:07 error <error>
    <error_code>FWB 00003</error_code>
    <message>Not a valid logon token. (FWB 00003)</message>
</error>

2017/09/17 15:50:07 Test execution completed for "SBG, CBA (Raw Data)" using test spec testspecIMSSBG.properties
2017/09/17 15:50:28 error :Test execution error for "SBG, Overview (Description)" using test spec testspecIMSSBG.properties
2017/09/17 15:50:28 error <error>
    <error_code>FWB 00003</error_code>
    <message>Not a valid logon token. (FWB 00003)</message>
</error>

2017/09/17 15:50:28 Test execution completed for "SBG, Overview (Description)" using test spec testspecIMSSBG.properties
2017/09/17 15:50:51 error :Test execution error for "SBG, CBA (Day)" using test spec testspecIMSSBG.properties
2017/09/17 15:50:51 error <error>
    <error_code>FWB 00003</error_code>
    <message>Not a valid logon token. (FWB 00003)</message>
</error>

2017/09/17 15:50:51 Test execution completed for "SBG, CBA (Day)" using test spec testspecIMSSBG.properties
2017/09/17 15:50:56 error :Test execution error for "SBG, Overview (Day)" using test spec testspecIMSSBG.properties
2017/09/17 15:50:56 error <error>
    <error_code>FWB 00003</error_code>
    <message>Not a valid logon token. (FWB 00003)</message>
</error>

2017/09/17 15:50:56 Test execution completed for "SBG, Overview (Day)" using test spec testspecIMSSBG.properties
2017/09/17 15:50:58 error :Test execution error for "SBG, CBA (Raw Data)" using test spec testspecIMSSBG.properties
2017/09/17 15:50:58 error <error>
    <error_code>FWB 00003</error_code>
    <message>Not a valid logon token. (FWB 00003)</message>
</error>

2017/09/17 15:50:58 Test execution completed for "SBG, CBA (Raw Data)" using test spec testspecIMSSBG.properties
2017/09/17 15:51:07 error :Test execution error for "SBG, Overview (Raw Data)" using test spec testspecIMSSBG.properties
2017/09/17 15:51:07 error <error>
    <error_code>FWB 00003</error_code>
    <message>Not a valid logon token. (FWB 00003)</message>
</error>

2017/09/17 15:51:07 Test execution completed for "SBG, Overview (Raw Data)" using test spec testspecIMSSBG.properties
2017/09/17 15:51:50 error :Test execution error for "SBG, Overview (Day)" using test spec testspecIMSSBG.properties
2017/09/17 15:51:50 error <error>
    <error_code>FWB 00003</error_code>
    <message>Not a valid logon token. (FWB 00003)</message>
</error>

2017/09/17 15:51:50 Test execution completed for "SBG, Overview (Day)" using test spec testspecIMSSBG.properties
2017/09/17 15:51:54 error :Test execution error for "SBG, Overview (Raw Data)" using test spec testspecIMSSBG.properties
2017/09/17 15:51:54 error <error>
    <error_code>FWB 00003</error_code>
    <message>Not a valid logon token. (FWB 00003)</message>
</error>

2017/09/17 15:51:54 Test execution completed for "SBG, Overview (Raw Data)" using test spec testspecIMSSBG.properties
